=== Bio Fetcher ===

Parsed 2748 billionaire entries

Already attempted: 0
Already found: 0
To process: 2748

[1/2748] Elon Musk -> wikipedia-search (self-made)
[2/2748] Jeff Bezos -> wikipedia-direct (self-made)
[3/2748] Bernard Arnault -> wikipedia-direct (self-made)
[4/2748] Mark Zuckerberg -> wikipedia-direct (self-made)
[5/2748] Larry Ellison -> wikipedia-direct (self-made)
[6/2748] Warren Buffett -> wikipedia-direct (self-made)
[7/2748] Bill Gates -> wikipedia-direct (self-made)
[8/2748] Steve Ballmer -> wikipedia-direct (self-made)
[9/2748] Mukesh Ambani -> wikipedia-direct (self-made)
[10/2748] Larry Page -> wikipedia-direct (self-made)
[11/2748] Sergey Brin -> wikipedia-direct (self-made)
[12/2748] Michael Bloomberg -> wikipedia-direct (self-made)
[13/2748] Jensen Huang -> wikipedia-direct (self-made)
[14/2748] Carlos Slim -> wikipedia-direct (self-made)
[15/2748] Francoise Bettencourt Meyers -> wikipedia-direct (mixed)
[16/2748] Amancio Ortega -> wikipedia-direct (self-made)
[17/2748] Jim Walton -> wikipedia-direct (inherited)
[18/2748] Rob Walton -> wikipedia-search (inherited)
[19/2748] Alice Walton -> wikipedia-direct (inherited)
[25/2748] Gautam Adani -> wikipedia-direct (self-made)
[50/2748] Susanne Klatten -> wikipedia-direct (inherited)
[75/2748] Nicky Oppenheimer -> wikipedia-direct (self-made)
[100/2748] Oprah Winfrey -> wikipedia-direct (self-made)
[125/2748] Stewart Butterfield -> wikipedia-direct (self-made)
[150/2748] Mike Adenuga -> wikipedia-direct (self-made)
[175/2748] Sarath Ratanavadi -> wikipedia-direct (self-made)
[200/2748] Roman Abramovich -> wikipedia-direct (self-made)
[225/2748] Xavier Niel -> wikipedia-direct (self-made)
[250/2748] Ma Jianrong -> wikipedia-direct (self-made)
[275/2748] Cheng Yu-tung family -> forbes (self-made)
[300/2748] Garrett Camp -> wikipedia-direct (self-made)
[325/2748] Eyal Ofer -> wikipedia-direct (self-made)
[350/2748] Lynda Resnick -> wikipedia-direct (self-made)
[375/2748] Rinat Akhmetov -> wikipedia-direct (self-made)
[400/2748] Cristiano Ronaldo -> wikipedia-direct (self-made)
[425/2748] Tsai Wan-tsai -> wikipedia-direct (self-made)
[450/2748] Shahid Balwa -> wikipedia-direct (self-made)
[475/2748] Baiju Bhatt -> wikipedia-direct (self-made)
[500/2748] George Kaiser -> wikipedia-direct (self-made)
[525/2748] Vinod Adani -> wikipedia-direct (self-made)
[550/2748] Kirsten Rausing -> wikipedia-direct (self-made)
[575/2748] Eric Wittouck -> forbes (self-made)
[600/2748] Zhong Huijuan -> wikipedia-direct (self-made)
[625/2748] Law Kar Po -> wikipedia-direct (self-made)
[650/2748] Sofie Kirk Kristiansen -> wikipedia-direct (inherited)
[675/2748] Radovan Vitek -> wikipedia-direct (self-made)
[700/2748] Alain Bouchard -> wikipedia-direct (self-made)
[725/2748] Ray Lee Hunt -> wikipedia-direct (self-made)
[750/2748] Zhao Yan -> forbes (self-made)
[775/2748] Gao Dekang -> forbes (self-made)
[800/2748] Janice McNair -> wikipedia-direct (self-made)
[825/2748] Vinod Khosla -> wikipedia-direct (self-made)
[850/2748] Barry Sternlicht -> wikipedia-direct (self-made)
[875/2748] Behdad Eghbali -> wikipedia-direct (self-made)
[900/2748] Dewi Kam -> forbes (self-made)
[925/2748] Peter Spuhler -> wikipedia-direct (self-made)
[950/2748] Austen Cargill, II. -> forbes (self-made)
[975/2748] Francesco Gaetano Caltagirone -> wikipedia-direct (self-made)
[1000/2748] Jim Kavanaugh -> wikipedia-direct (self-made)
[1025/2748] Samuel Tak Lee -> wikipedia-direct (self-made)
[1050/2748] Paola Del Vecchio -> forbes (self-made)
[1075/2748] Acharya Balkrishna -> forbes (self-made)
[1100/2748] John Gandel -> wikipedia-direct (self-made)
[1125/2748] Sergei Galitsky -> forbes (self-made)
[1150/2748] Vincent Viola -> wikipedia-direct (self-made)
[1175/2748] Katharina Otto-Bernstein -> forbes (self-made)
[1200/2748] Carlos Hank Rhon -> wikipedia-direct (self-made)
[1225/2748] Cao Longxiang -> forbes (self-made)
[1250/2748] Gregorio Perez Companc -> wikipedia-direct (self-made)
[1275/2748] Najib Mikati -> wikipedia-direct (self-made)
[1300/2748] Abhay Firodia -> forbes (self-made)
[1325/2748] Richard Peery -> wikipedia-direct (self-made)
[1350/2748] Chen Zhiping -> forbes (self-made)
[1375/2748] Alexander Ponomarenko -> wikipedia-direct (self-made)
[1400/2748] Henry Davis -> forbes (self-made)
[1425/2748] Yuzhu Shi -> forbes (self-made)
